0;LARA
1;LARA_PISTOLS_ANIM
2;LARA_SHOTGUN_ANIM
3;LARA_UZI_ANIM
4;LARA_REVOLVER_ANIM
5;LARA_DESERT_EAGLE_ANIM
6;LARA_DOUBLE_PISTOLS_ANIM
7;LARA_HARPOON_ANIM
8;LARA_CROSSBOW_ANIM
9;LARA_MP5_ANIM
10;LARA_GRENADE_GUN_ANIM
11;LARA_ROCKET_LAUNCHER_ANIM
12;LARA_KNIFE_ANIM
13;LARA_FLARE_ANIM
14;LARA_CROWBAR_ANIM
15;LARA_HOLSTERS
16;LARA_HOLSTERS_PISTOLS
17;LARA_HOLSTERS_SHOTGUN
18;LARA_HOLSTERS_UZI
19;LARA_HOLSTERS_REVOLVER
20;LARA_HOLSTERS_DESERT_EAGLE
21;LARA_HOLSTERS_DOUBLE_PISTOLS
22;LARA_HOLSTERS_HARPOON
23;LARA_HOLSTERS_CROSSBOW
24;LARA_HOLSTERS_MP5
25;LARA_HOLSTERS_GRENADE_GUN
26;LARA_HOLSTERS_ROCKET_LAUNCHER
27;LARA_HOLSTERS_KNIFE
28;LARA_SCREAMING
29;LARA_CROSSBOW_LASER
30;LARA_REVOLVER_LASER
31;LARA_DESERT_EAGLE_LASER
32;LARA_SKIN
33;LARA_SKIN_JOINTS
34;LARA_TORCH_ANIM
35;HAIR
36;LARA_SPEECH1
37;LARA_SPEECH2
38;ACTOR1_SPEECH1
39;ACTOR1_SPEECH2
40;ACTOR2_SPEECH1
41;ACTOR2_SPEECH2
42;ACTOR3_SPEECH1
43;ACTOR3_SPEECH2
44;ACTOR4_SPEECH1
45;ACTOR4_SPEECH2
46;JEEP
47;QUADBIKE
48;SNOWMOBILE
49;KAYAK
50;BOAT
51;HYDRO_PROPELLER
52;SIDECAR
53;BIG_GUN
54;LARA_JEEP_ANIM
55;LARA_QUADBIKE_ANIM
56;LARA_SNOWMOBILE_ANIM
57;LARA_KAYAK_ANIM
58;LARA_BOAT_ANIM
59;LARA_HYDRO_PROPELLER_ANIM
60;LARA_SIDECAR_ANIM
61;LARA_BIG_GUN_ANIM
1000;DOG1
1001;DOG2
1002;DOG3
1003;DOG4
1004;WOLF1
1005;WOLF2
1006;BAT
1007;SMALL_SCORPION
1008;SCORPION
1009;SNAKE1
1010;SNAKE2
1011;BARRACUDA
1012;SHARK1
1013;SHARK2
1014;MONKEY1
1015;MONKEY2
1016;GORILLA1
1017;GORILLA2
1018;LION1
1019;LION2
1020;SMALL_SPIDER
1021;SPIDER
1022;BEAR1
1023;BEAR2
1024;TIGER1
1025;TIGER2
1026;TIGER3
1027;TIGER4
1028;LITTLE_BEETLE_EMITTER
1029;LITTLE_RATS_EMITTER
1030;FISH_EMITTER
1031;PIRANHA_EMITTER
1032;RAT
1033;CROCODILE
1034;MUMMY
1035;KNIGHT_TEMPLAR
1036;MUTANT1
1037;MUTANT2
1038;WILD_BOAR
1039;VULTURE
1040;CROW
1041;WRAITH1
1042;WRAITH2
1043;WRAITH3
1044;WRAITH4
1045;SKELETON1
1046;SKELETON2
1047;SCUBA_DIVER1
1048;SCUBA_DIVER2
1049;TYRANNOSAURUS_REX
1050;RAPTOR
1051;SMALL_DINOSAUR1
1052;SMALL_DINOSAUR2
1053;BADDY_UZI1
1054;BADDY_UZI2
1055;BADDY_UZI_KNIFE1
1056;BADDY_UZI_KNIFE2
1057;MERCENARY_REVOLVER1
1058;MERCENARY_REVOLVER2
1059;MERCENARY_UZI1
1060;MERCENARY_UZI2
1061;MERCENARY_MP51
1062;MERCENARY_MP52
1063;MERCENARY_SHOTGUN1
1064;MERCENARY_SHOTGUN2
1065;MAN_KNIFE1
1066;MAN_KNIFE2
1067;MAN_STICK1
1068;MAN_STICK2
1069;GUIDE1
1070;GUIDE2
1071;MAN_FRIENDLY1
1072;MAN_FRIENDLY2
1073;FLAMETHROWER
1074;STATUE_HAMMER
1075;STATUE_SWORD
1076;STATUE_TWO_SWORDS
1077;STATUE_FOUR_SWORDS
1078;LASER_HEAD1
1079;LASER_HEAD2
1080;SMALL_DRAGON
1081;AUTO_GUNS
1082;DEMIGOD1
1083;DEMIGOD2
1084;DEMIGOD3
1085;DEMIGOD4
1086;BOSS1
1087;BOSS2
1088;BOSS3
1089;BOSS4
1090;BOSS5
1091;BOSS6
1092;BOSS7
1093;BOSS8
1094;BOSS9
1095;BOSS10
1096;GLADIATOR1
1097;GLADIATOR2
1098;MONK1
1099;MONK2
1100;HELICOPTER
1101;LASER_TURRET
1300;ELECTRIFIED_WIRES
1301;SPIKES1
1302;SPIKES2
1303;SPIKES3
1304;SPIKES4
1305;SLAMMING_DOOR1
1306;SLAMMING_DOOR2
1307;SLAMMING_DOOR3
1308;SLAMMING_DOOR4
1309;SPIKEY_CEILING1
1310;SPIKEY_CEILING2
1311;SPIKEY_FLOOR1
1312;SPIKEY_FLOOR2
1313;SPIKEY_WALL1
1314;SPIKEY_WALL2
1315;DART_EMITTER
1316;FLAME_EMITTER
1317;TORCH_FLAME_EMITTER
1318;WALL_MOUNTED_TRAP1
1319;WALL_MOUNTED_TRAP2
1320;WALL_MOUNTED_TRAP3
1321;WALL_MOUNTED_TRAP4
1322;WALL_MOUNTED_TRAP5
1323;WALL_MOUNTED_TRAP6
1324;DISK_TRAP
1325;ROLLING_BALL1
1326;ROLLING_BALL2
1327;ROLLING_BALL3
1328;ROLLING_BALL4
1329;STARGATE
1330;FALLING_FLOOR1
1331;FALLING_FLOOR2
1332;FALLING_FLOOR3
1333;FALLING_FLOOR4
1334;FALLING_BLOCKS1
1335;FALLING_BLOCKS2
1336;FALLING_BLOCKS3
1337;FALLING_BLOCKS4
1338;BLADE_TRAP1
1339;BLADE_TRAP2
1340;BLADE_TRAP3
1341;BLADE_TRAP4
1342;BLADE_TRAP5
1343;BLADE_TRAP6
1400;PUSHABLE_OBJECT1
1401;PUSHABLE_OBJECT2
1402;PUSHABLE_OBJECT3
1403;PUSHABLE_OBJECT4
1404;PUSHABLE_OBJECT5
1405;PUSHABLE_OBJECT6
1406;PUSHABLE_OBJECT7
1407;PUSHABLE_OBJECT8
1408;PUSHABLE_OBJECT9
1409;PUSHABLE_OBJECT10
1410;CLIMBABLE_PUSHABLE_BLOCK1
1411;CLIMBABLE_PUSHABLE_BLOCK2
1412;CLIMBABLE_PUSHABLE_BLOCK3
1413;CLIMBABLE_PUSHABLE_BLOCK4
1414;CLIMBABLE_PUSHABLE_BLOCK5
1415;CLIMBABLE_PUSHABLE_BLOCK6
1416;CLIMBABLE_PUSHABLE_BLOCK7
1417;CLIMBABLE_PUSHABLE_BLOCK8
1418;CLIMBABLE_PUSHABLE_BLOCK9
1419;CLIMBABLE_PUSHABLE_BLOCK10
1420;RISING_FLOOR1
1421;RISING_FLOOR2
1422;RISING_BLOCK1
1423;RISING_BLOCK2
1424;RISING_BLOCK3
1425;RISING_BLOCK4
1426;RISING_BLOCK5
1427;RISING_BLOCK6
1500;SWITCH1
1501;SWITCH2
1502;SWITCH3
1503;SWITCH4
1504;SWITCH5
1505;SWITCH6
1506;SWITCH7
1507;SWITCH8
1508;SWITCH9
1509;SWITCH10
1510;SWITCH11
1511;SWITCH12
1512;SWITCH13
1513;SWITCH14
1514;SWITCH15
1515;SWITCH16
1516;PULLEY
1517;COG
1518;UNDERWATER_SWITCH1
1519;UNDERWATER_SWITCH2
1520;UNDERWATER_SWITCH3
1521;UNDERWATER_SWITCH4
1522;UNDERWATER_SWITCH5
1523;UNDERWATER_SWITCH6
1524;JUMP_SWITCH1
1525;JUMP_SWITCH2
1526;JUMP_SWITCH3
1527;JUMP_SWITCH4
1528;CROWBAR_SWITCH1
1529;CROWBAR_SWITCH2
1530;LEVER_SWITCH1
1531;LEVER_SWITCH2
1532;LEVER_SWITCH3
1533;LEVER_SWITCH4
1534;LEVER_SWITCH5
1535;LEVER_SWITCH6
1536;LEVER_SWITCH7
1537;LEVER_SWITCH8
1538;KEYPAD1
1539;KEYPAD2
1600;ROPE
1601;POLEROPE
1602;FIRE_ROPE
1603;PARALLEL_BARS
1604;TIGHT_ROPE
1605;LEDGE_BLOCK
1606;LADDER1
1607;LADDER2
1608;LADDER3
1609;LADDER4
1610;LADDER5
1611;LADDER6
1612;LADDER7
1613;LADDER8
1614;TRAVERSABLE_POLE
1615;POLE
1616;SARCOPHAGUS1
1617;SARCOPHAGUS2
1618;SHELL1
1619;SHELL2
1620;SHELL3
1621;SHELL4
1622;BRIDGE_TILT1
1623;BRIDGE_TILT2
1624;BRIDGE_FLAT
1700;DOOR_TYPE1
1701;DOOR_TYPE2
1702;DOOR_TYPE3
1703;DOOR_TYPE4
1704;DOOR_TYPE5
1705;DOOR_TYPE6
1706;DOOR_TYPE7
1707;DOOR_TYPE8
1708;DOOR_TYPE9
1709;DOOR_TYPE10
1710;DOOR_TYPE11
1711;DOOR_TYPE12
1712;DOOR_TYPE13
1713;DOOR_TYPE14
1714;DOOR_TYPE15
1715;DOOR_TYPE16
1716;DOOR_TYPE17
1717;DOOR_TYPE18
1718;DOOR_TYPE19
1719;DOOR_TYPE20
1720;DOOR_TYPE21
1721;DOOR_TYPE22
1722;DOOR_TYPE23
1723;DOOR_TYPE24
1724;DOUBLE_DOORS1
1725;DOUBLE_DOORS2
1726;KICK_DOOR1
1727;KICK_DOOR2
1728;UNDERWATER_DOOR1
1729;UNDERWATER_DOOR2
1730;UNDERWATER_DOOR3
1731;UNDERWATER_DOOR4
1732;PUSHPULL_DOOR1
1733;PUSHPULL_DOOR2
1800;PUZZLE_ITEM1
1801;PUZZLE_ITEM2
1802;PUZZLE_ITEM3
1803;PUZZLE_ITEM4
1804;PUZZLE_ITEM5
1805;PUZZLE_ITEM6
1806;PUZZLE_ITEM7
1807;PUZZLE_ITEM8
1808;PUZZLE_ITEM9
1809;PUZZLE_ITEM10
1810;PUZZLE_ITEM11
1811;PUZZLE_ITEM12
1812;PUZZLE_ITEM13
1813;PUZZLE_ITEM14
1814;PUZZLE_ITEM15
1815;PUZZLE_ITEM16
1816;PUZZLE_ITEM17
1817;PUZZLE_ITEM18
1818;PUZZLE_ITEM19
1819;PUZZLE_ITEM20
1820;PUZZLE_ITEM21
1821;PUZZLE_ITEM22
1822;PUZZLE_ITEM23
1823;PUZZLE_ITEM24
1900;PUZZLE_ITEM1_COMBO1
1901;PUZZLE_ITEM1_COMBO2
1902;PUZZLE_ITEM2_COMBO1
1903;PUZZLE_ITEM2_COMBO2
1904;PUZZLE_ITEM3_COMBO1
1905;PUZZLE_ITEM3_COMBO2
1906;PUZZLE_ITEM4_COMBO1
1907;PUZZLE_ITEM4_COMBO2
1908;PUZZLE_ITEM5_COMBO1
1909;PUZZLE_ITEM5_COMBO2
1910;PUZZLE_ITEM6_COMBO1
1911;PUZZLE_ITEM6_COMBO2
1912;PUZZLE_ITEM7_COMBO1
1913;PUZZLE_ITEM7_COMBO2
1914;PUZZLE_ITEM8_COMBO1
1915;PUZZLE_ITEM8_COMBO2
2000;PUZZLE_HOLE1
2001;PUZZLE_HOLE2
2002;PUZZLE_HOLE3
2003;PUZZLE_HOLE4
2004;PUZZLE_HOLE5
2005;PUZZLE_HOLE6
2006;PUZZLE_HOLE7
2007;PUZZLE_HOLE8
2008;PUZZLE_HOLE9
2009;PUZZLE_HOLE10
2010;PUZZLE_HOLE11
2011;PUZZLE_HOLE12
2012;PUZZLE_HOLE13
2013;PUZZLE_HOLE14
2014;PUZZLE_HOLE15
2015;PUZZLE_HOLE16
2016;PUZZLE_HOLE17
2017;PUZZLE_HOLE18
2018;PUZZLE_HOLE19
2019;PUZZLE_HOLE20
2020;PUZZLE_HOLE21
2021;PUZZLE_HOLE22
2022;PUZZLE_HOLE23
2023;PUZZLE_HOLE24
2100;PUZZLE_DONE1
2101;PUZZLE_DONE2
2102;PUZZLE_DONE3
2103;PUZZLE_DONE4
2104;PUZZLE_DONE5
2105;PUZZLE_DONE6
2106;PUZZLE_DONE7
2107;PUZZLE_DONE8
2108;PUZZLE_DONE9
2109;PUZZLE_DONE10
2110;PUZZLE_DONE11
2111;PUZZLE_DONE12
2112;PUZZLE_DONE13
2113;PUZZLE_DONE14
2114;PUZZLE_DONE15
2115;PUZZLE_DONE16
2116;PUZZLE_DONE17
2117;PUZZLE_DONE18
2118;PUZZLE_DONE19
2119;PUZZLE_DONE20
2120;PUZZLE_DONE21
2121;PUZZLE_DONE22
2122;PUZZLE_DONE23
2123;PUZZLE_DONE24
2200;KEY_ITEM1
2201;KEY_ITEM2
2202;KEY_ITEM3
2203;KEY_ITEM4
2204;KEY_ITEM5
2205;KEY_ITEM6
2206;KEY_ITEM7
2207;KEY_ITEM8
2208;KEY_ITEM9
2209;KEY_ITEM10
2210;KEY_ITEM11
2211;KEY_ITEM12
2212;KEY_ITEM13
2213;KEY_ITEM14
2214;KEY_ITEM15
2215;KEY_ITEM16
2216;KEY_ITEM17
2217;KEY_ITEM18
2218;KEY_ITEM19
2219;KEY_ITEM20
2220;KEY_ITEM21
2221;KEY_ITEM22
2222;KEY_ITEM23
2223;KEY_ITEM24
2300;KEY_HOLE1
2301;KEY_HOLE2
2302;KEY_HOLE3
2303;KEY_HOLE4
2304;KEY_HOLE5
2305;KEY_HOLE6
2306;KEY_HOLE7
2307;KEY_HOLE8
2308;KEY_HOLE9
2309;KEY_HOLE10
2310;KEY_HOLE11
2311;KEY_HOLE12
2312;KEY_HOLE13
2313;KEY_HOLE14
2314;KEY_HOLE15
2315;KEY_HOLE16
2316;KEY_HOLE17
2317;KEY_HOLE18
2318;KEY_HOLE19
2319;KEY_HOLE20
2320;KEY_HOLE21
2321;KEY_HOLE22
2322;KEY_HOLE23
2323;KEY_HOLE24
2400;PICKUP1
2401;PICKUP2
2402;PICKUP3
2403;PICKUP4
2404;PICKUP5
2405;PICKUP6
2406;PICKUP7
2407;PICKUP8
2408;PICKUP9
2409;PICKUP10
2410;PICKUP11
2411;PICKUP12
2412;ARTIFACT1
2413;ARTIFACT2
2414;ARTIFACT3
2415;ARTIFACT4
2416;ARTIFACT5
2417;ARTIFACT6
2418;ARTIFACT7
2419;ARTIFACT8
2420;ARTIFACT9
2421;ARTIFACT10
2500;EXAMINE1
2501;EXAMINE2
2502;EXAMINE3
2503;EXAMINE4
2504;EXAMINE5
2505;EXAMINE6
2600;KEY_ITEM1
2601;KEY_ITEM2
2602;KEY_ITEM3
2603;KEY_ITEM4
2604;KEY_ITEM5
2605;KEY_ITEM6
2606;KEY_ITEM7
2607;KEY_ITEM8
2608;KEY_ITEM9
2609;KEY_ITEM10
2610;KEY_ITEM11
2611;KEY_ITEM12
2612;KEY_ITEM13
2613;KEY_ITEM14
2614;KEY_ITEM15
2615;KEY_ITEM16
2616;KEY_ITEM17
2617;KEY_ITEM18
2618;KEY_ITEM19
2619;KEY_ITEM20
2620;KEY_ITEM21
2621;KEY_ITEM22
2622;KEY_ITEM23
2623;KEY_ITEM24
2700;KEY_HOLE1
2701;KEY_HOLE2
2702;KEY_HOLE3
2703;KEY_HOLE4
2704;KEY_HOLE5
2705;KEY_HOLE6
2706;KEY_HOLE7
2707;KEY_HOLE8
2708;KEY_HOLE9
2709;KEY_HOLE10
2710;KEY_HOLE11
2711;KEY_HOLE12
2712;KEY_HOLE13
2713;KEY_HOLE14
2714;KEY_HOLE15
2715;KEY_HOLE16
2716;KEY_HOLE17
2717;KEY_HOLE18
2718;KEY_HOLE19
2719;KEY_HOLE20
2720;KEY_HOLE21
2721;KEY_HOLE22
2722;KEY_HOLE23
2723;KEY_HOLE24
2800;KEYCARD1
2801;KEYCARD2
2802;KEYCARD3
2803;KEYCARD4
2900;KEYCARD_HOLE1
2901;KEYCARD_HOLE2
2902;KEYCARD_HOLE3
2903;KEYCARD_HOLE4
3000;PISTOLS_ITEM
3001;PISTOLS_AMMO_ITEM
3002;SHOTGUN_ITEM
3003;SHOTGUN_AMMO_ITEM1
3004;SHOTGUN_AMMO_ITEM2
3005;UZI_ITEM
3006;UZI_AMMO_ITEM
3007;REVOLVER_ITEM
3008;REVOLVER_AMMO_ITEM
3009;DESERT_EAGLE_ITEM
3010;DESERT_EAGLE_AMMO_ITEM
3011;CROSSBOW_AMMO_ITEM1
3012;CROSSBOW_AMMO_ITEM2
3013;CROSSBOW_AMMO_ITEM3
3014;GRENADE_GUN_ITEM
3015;GRENADE_GUN_AMMO_ITEM1
3016;GRENADE_GUN_AMMO_ITEM2
3017;GRENADE_GUN_AMMO_ITEM3
3018;DOUBLE_PISTOLS_ITEM
3019;DOUBLE_PISTOLS_AMMO_ITEM
3020;HARPOON_GUN_ITEM
3021;HARPOON_GUN_AMMO_ITEM
3022;MP5_ITEM
3023;MP5_AMMO_ITEM
3024;KNIFE_ITEM
3025;CROWBAR_ITEM
3026;TORCH_ITEM
3027;FLARE_ITEM
3028;FLARE
3029;BIG_MEDIKIT_ITEM
3030;SMALL_MEDIKIT_ITEM
3031;DIARY_ITEM
3032;PASSPORT_ITEM
3033;WALKMAN_ITEM
3034;SUNGLASSES_ITEM
3035;KEYBOARD_ITEM
3036;SMOKE_EMITTER
3037;EARTHQUAKE
3038;BUBBLE_EMITTER
3039;WATERFALL_MIST
3040;WATERFALL
3041;GUN_SHELL
3042;GUN_FLASH
3043;BLINKING_LIGHT
3044;LARA_START_POSITION
3045;LENS_FLARE
3046;CAMERA_TARGET
3047;AI_POINT
3048;MESH_SWAP1
3049;MESH_SWAP2
3050;MESH_SWAP3
3051;MESH_SWAP4
3052;MESH_SWAP5
3053;MESH_SWAP6
3054;MESH_SWAP7
3055;MESH_SWAP8
3056;MESH_SWAP9
3057;MESH_SWAP10
3058;MESH_SWAP11
3059;MESH_SWAP12
3060;MESH_SWAP13
3061;MESH_SWAP14
3062;MESH_SWAP15
3063;MESH_SWAP16
3064;PHOTO_ITEM
3065;HORIZON
3066;TARGET_GRAPHICS
3067;BINOCULAR_GRAPHICS
3068;BINOCULAR_ITEM
3069;STOPWATCH
3070;HARPOON
3200;ANIMATING1
3201;ANIMATING2
3202;ANIMATING3
3203;ANIMATING4
3204;ANIMATING5
3205;ANIMATING6
3206;ANIMATING7
3207;ANIMATING8
3208;ANIMATING9
3209;ANIMATING10
3210;ANIMATING11
3211;ANIMATING12
3212;ANIMATING13
3213;ANIMATING14
3214;ANIMATING15
3215;ANIMATING16
3216;ANIMATING17
3217;ANIMATING18
3218;ANIMATING19
3219;ANIMATING20
3220;ANIMATING21
3221;ANIMATING22
3222;ANIMATING23
3223;ANIMATING24
3224;ANIMATING25
3225;ANIMATING26
3226;ANIMATING27
3227;ANIMATING28
3228;ANIMATING29
3229;ANIMATING30
3230;ANIMATING31
3231;ANIMATING32
3232;ANIMATING33
3233;ANIMATING34
3234;ANIMATING35
3235;ANIMATING36
3236;ANIMATING37
3237;ANIMATING38
3238;ANIMATING39
3239;ANIMATING40
3240;ANIMATING41
3241;ANIMATING42
3242;ANIMATING43
3243;ANIMATING44
3244;ANIMATING45
3245;ANIMATING46
3246;ANIMATING47
3247;ANIMATING48
3248;ANIMATING49
3249;ANIMATING50
3250;ANIMATING51
3251;ANIMATING52
3252;ANIMATING53
3253;ANIMATING54
3254;ANIMATING55
3255;ANIMATING56
3256;ANIMATING57
3257;ANIMATING58
3258;ANIMATING59
3259;ANIMATING60
3260;ANIMATING61
3261;ANIMATING62
3262;ANIMATING63
3263;ANIMATING64
3264;ANIMATING65
3265;ANIMATING66
3266;ANIMATING67
3267;ANIMATING68
3268;ANIMATING69
3269;ANIMATING70
3270;ANIMATING71
3271;ANIMATING72
3272;ANIMATING73
3273;ANIMATING74
3274;ANIMATING75
3275;ANIMATING76
3276;ANIMATING77
3277;ANIMATING78
3278;ANIMATING79
3279;ANIMATING80
3280;ANIMATING81
3281;ANIMATING82
3282;ANIMATING83
3283;ANIMATING84
3284;ANIMATING85
3285;ANIMATING86
3286;ANIMATING87
3287;ANIMATING88
3288;ANIMATING89
3289;ANIMATING90
3290;ANIMATING91
3291;ANIMATING92
3292;ANIMATING93
3293;ANIMATING94
3294;ANIMATING95
3295;ANIMATING96
