0;LARA
1;PISTOLS_ANIM
2;UZI_ANIM
3;SHOTGUN_ANIM
4;CROSSBOW_ANIM
5;GRENADE_GUN_ANIM
6;SIXSHOOTER_ANIM
7;FLARE_ANIM
8;LARA_SKIN
9;LARA_SKIN_JOINTS
10;LARA_SCREAM
11;LARA_CROSSBOW_LASER
12;LARA_REVOLVER_LASER
13;LARA_HOLSTERS
14;LARA_HOLSTERS_PISTOLS
15;LARA_HOLSTERS_UZIS
16;LARA_HOLSTERS_SIXSHOOTER
17;LARA_SPEECH_HEAD1
18;LARA_SPEECH_HEAD2
19;LARA_SPEECH_HEAD3
20;LARA_SPEECH_HEAD4
21;ACTOR1_SPEECH_HEAD1
22;ACTOR1_SPEECH_HEAD2
23;ACTOR2_SPEECH_HEAD1
24;ACTOR2_SPEECH_HEAD2
25;LARA_WATER_MESH
26;LARA_PETROL_MESH
27;LARA_DIRT_MESH
28;CROWBAR_ANIM
29;TORCH_ANIM
30;HAIR
31;MOTORBIKE
32;JEEP
33;VEHICLE_EXTRA
34;ENEMY_JEEP
35;SKELETON
36;SKELETON_MIP
37;GUIDE
38;GUIDE_MIP
39;VON_CROY
40;VON_CROY_MIP
41;BADDY_1
42;BADDY_1_MIP
43;BADDY_2
44;BADDY_2_MIP
45;SETHA
46;SETHA_MIP
47;MUMMY
48;MUMMY_MIP
49;SPHINX
50;SPHINX_MIP
51;CROCODILE
52;CROCODILE_MIP
53;HORSEMAN
54;HORSEMAN_MIP
55;SCORPION
56;SCORPION_MIP
57;JEAN_YVES
58;JEAN_YVES_MIP
59;TROOPS
60;TROOPS_MIP
61;KNIGHTS_TEMPLAR
62;KNIGHTS_TEMPLAR_MIP
63;MUTANT
64;MUTANT_MIP
65;HORSE
66;HORSE_MIP
67;BABOON_NORMAL
68;BABOON_NORMAL_MIP
69;BABOON_INV
70;BABOON_INV_MIP
71;BABOON_SILENT
72;BABOON_SILENT_MIP
73;WILD_BOAR
74;WILD_BOAR_MIP
75;HARPY
76;HARPY_MIP
77;DEMIGOD1
78;DEMIGOD1_MIP
79;DEMIGOD2
80;DEMIGOD2_MIP
81;DEMIGOD3
82;DEMIGOD3_MIP
83;LITTLE_BEETLE
84;BIG_BEETLE
85;BIG_BEETLE_MIP
86;WRAITH1
87;WRAITH2
88;WRAITH3
89;WRAITH4
90;BAT
91;DOG
92;DOG_MIP
93;HAMMERHEAD
94;HAMMERHEAD_MIP
95;SAS
96;SAS_MIP
97;SAS_DYING
98;SAS_DYING_MIP
99;SAS_CAPTAIN
100;SAS_CAPTAIN_MIP
101;SAS_DRAG_BLOKE
102;AHMET
103;AHMET_MIP
104;LARA_DOUBLE
105;LARA_DOUBLE_MIP
106;SMALL_SCORPION
107;LOCUST_EMITTER
108;GAME_PIECE1
109;GAME_PIECE2
110;GAME_PIECE3
111;ENEMY_PIECE
112;WHEEL_OF_FORTUNE
113;SCALES
114;DARTS
115;DART_EMITTER
116;HOMING_DART_EMITTER
117;FALLING_CEILING
118;FALLING_BLOCK
119;FALLING_BLOCK2
120;SMASHABLE_BIKE_WALL
121;SMASHABLE_BIKE_FLOOR
122;TRAPDOOR1
123;TRAPDOOR2
124;TRAPDOOR3
125;FLOOR_TRAPDOOR1
126;FLOOR_TRAPDOOR2
127;CEILING_TRAPDOOR1
128;CEILING_TRAPDOOR2
129;SCALING_TRAPDOOR
130;ROLLINGBALL
131;SPIKEY_FLOOR
132;TEETH_SPIKES
133;JOBY_SPIKES
134;SLICER_DICER
135;CHAIN
136;PLOUGH
137;STARGATE
138;HAMMER
139;BURNING_FLOOR
140;COG
141;SPIKEBALL
142;FLAME
143;FLAME_EMITTER
144;FLAME_EMITTER2
145;FLAME_EMITTER3
146;ROPE
147;FIREROPE
148;POLEROPE
149;ONEBLOCK_PLATFORM
150;TWOBLOCK_PLATFORM
151;RAISING_BLOCK1
152;RAISING_BLOCK2
153;EXPANDING_PLATFORM
154;SQUISHY_BLOCK1
155;SQUISHY_BLOCK2
156;PUSHABLE_OBJECT1
157;PUSHABLE_OBJECT2
158;PUSHABLE_OBJECT3
159;PUSHABLE_OBJECT4
160;PUSHABLE_OBJECT5
161;TRIPWIRE
162;SENTRY_GUN
163;MINE
164;MAPPER
165;OBELISK
166;FLOOR_4BLADE
167;ROOF_4BLADE
168;BIRD_BLADE
169;CATWALK_BLADE
170;MOVING_BLADE
171;PLINTH_BLADE
172;SETH_BLADE
173;LIGHTNING_CONDUCTOR
174;ELEMENT_PUZZLE
175;PUZZLE_ITEM1
176;PUZZLE_ITEM2
177;PUZZLE_ITEM3
178;PUZZLE_ITEM4
179;PUZZLE_ITEM5
180;PUZZLE_ITEM6
181;PUZZLE_ITEM7
182;PUZZLE_ITEM8
183;PUZZLE_ITEM9
184;PUZZLE_ITEM10
185;PUZZLE_ITEM11
186;PUZZLE_ITEM12
187;PUZZLE_ITEM1_COMBO1
188;PUZZLE_ITEM1_COMBO2
189;PUZZLE_ITEM2_COMBO1
190;PUZZLE_ITEM2_COMBO2
191;PUZZLE_ITEM3_COMBO1
192;PUZZLE_ITEM3_COMBO2
193;PUZZLE_ITEM4_COMBO1
194;PUZZLE_ITEM4_COMBO2
195;PUZZLE_ITEM5_COMBO1
196;PUZZLE_ITEM5_COMBO2
197;PUZZLE_ITEM6_COMBO1
198;PUZZLE_ITEM6_COMBO2
199;PUZZLE_ITEM7_COMBO1
200;PUZZLE_ITEM7_COMBO2
201;PUZZLE_ITEM8_COMBO1
202;PUZZLE_ITEM8_COMBO2
203;KEY_ITEM1
204;KEY_ITEM2
205;KEY_ITEM3
206;KEY_ITEM4
207;KEY_ITEM5
208;KEY_ITEM6
209;KEY_ITEM7
210;KEY_ITEM8
211;KEY_ITEM9
212;KEY_ITEM10
213;KEY_ITEM11
214;KEY_ITEM12
215;KEY_ITEM1_COMBO1
216;KEY_ITEM1_COMBO2
217;KEY_ITEM2_COMBO1
218;KEY_ITEM2_COMBO2
219;KEY_ITEM3_COMBO1
220;KEY_ITEM3_COMBO2
221;KEY_ITEM4_COMBO1
222;KEY_ITEM4_COMBO2
223;KEY_ITEM5_COMBO1
224;KEY_ITEM5_COMBO2
225;KEY_ITEM6_COMBO1
226;KEY_ITEM6_COMBO2
227;KEY_ITEM7_COMBO1
228;KEY_ITEM7_COMBO2
229;KEY_ITEM8_COMBO1
230;KEY_ITEM8_COMBO2
231;PICKUP_ITEM1
232;PICKUP_ITEM2
233;PICKUP_ITEM3
234;PICKUP_ITEM4
235;PICKUP_ITEM1_COMBO1
236;PICKUP_ITEM1_COMBO2
237;PICKUP_ITEM2_COMBO1
238;PICKUP_ITEM2_COMBO2
239;PICKUP_ITEM3_COMBO1
240;PICKUP_ITEM3_COMBO2
241;PICKUP_ITEM4_COMBO1
242;PICKUP_ITEM4_COMBO2
243;EXAMINE1
244;EXAMINE2
245;EXAMINE3
246;CROWBAR_ITEM
247;BURNING_TORCH_ITEM
248;CLOCKWORK_BEETLE
249;CLOCKWORK_BEETLE_COMBO1
250;CLOCKWORK_BEETLE_COMBO2
251;MINE_DETECTOR
252;QUEST_ITEM1
253;QUEST_ITEM2
254;QUEST_ITEM3
255;QUEST_ITEM4
256;QUEST_ITEM5
257;QUEST_ITEM6
258;MAP
259;SECRET_MAP
260;PUZZLE_HOLE1
261;PUZZLE_HOLE2
262;PUZZLE_HOLE3
263;PUZZLE_HOLE4
264;PUZZLE_HOLE5
265;PUZZLE_HOLE6
266;PUZZLE_HOLE7
267;PUZZLE_HOLE8
268;PUZZLE_HOLE9
269;PUZZLE_HOLE10
270;PUZZLE_HOLE11
271;PUZZLE_HOLE12
272;PUZZLE_DONE1
273;PUZZLE_DONE2
274;PUZZLE_DONE3
275;PUZZLE_DONE4
276;PUZZLE_DONE5
277;PUZZLE_DONE6
278;PUZZLE_DONE7
279;PUZZLE_DONE8
280;PUZZLE_DONE9
281;PUZZLE_DONE10
282;PUZZLE_DONE11
283;PUZZLE_DONE12
284;KEY_HOLE1
285;KEY_HOLE2
286;KEY_HOLE3
287;KEY_HOLE4
288;KEY_HOLE5
289;KEY_HOLE6
290;KEY_HOLE7
291;KEY_HOLE8
292;KEY_HOLE9
293;KEY_HOLE10
294;KEY_HOLE11
295;KEY_HOLE12
296;WATERSKIN1_EMPTY
297;WATERSKIN1_1
298;WATERSKIN1_2
299;WATERSKIN1_3
300;WATERSKIN2_EMPTY
301;WATERSKIN2_1
302;WATERSKIN2_2
303;WATERSKIN2_3
304;WATERSKIN2_4
305;WATERSKIN2_5
306;SWITCH_TYPE1
307;SWITCH_TYPE2
308;SWITCH_TYPE3
309;SWITCH_TYPE4
310;SWITCH_TYPE5
311;SWITCH_TYPE6
312;SWITCH_TYPE7
313;SWITCH_TYPE8
314;UNDERWATER_SWITCH1
315;UNDERWATER_SWITCH2
316;TURN_SWITCH
317;COG_SWITCH
318;LEVER_SWITCH
319;JUMP_SWITCH
320;CROWBAR_SWITCH
321;PULLEY
322;DOOR_TYPE1
323;DOOR_TYPE2
324;DOOR_TYPE3
325;DOOR_TYPE4
326;DOOR_TYPE5
327;DOOR_TYPE6
328;DOOR_TYPE7
329;DOOR_TYPE8
330;PUSHPULL_DOOR1
331;PUSHPULL_DOOR2
332;KICK_DOOR1
333;KICK_DOOR2
334;UNDERWATER_DOOR
335;DOUBLE_DOORS
336;BRIDGE_FLAT
337;BRIDGE_TILT1
338;BRIDGE_TILT2
339;SARCOPHAGUS
340;SEQUENCE_DOOR1
341;SEQUENCE_SWITCH1
342;SEQUENCE_SWITCH2
343;SEQUENCE_SWITCH3
344;SARCOPHAGUS_CUT
345;HORUS_STATUE
346;GOD_HEAD
347;SETH_DOOR
348;STATUE_PLINTH
349;PISTOLS_ITEM
350;PISTOLS_AMMO_ITEM
351;UZI_ITEM
352;UZI_AMMO_ITEM
353;SHOTGUN_ITEM
354;SHOTGUN_AMMO1_ITEM
355;SHOTGUN_AMMO2_ITEM
356;CROSSBOW_ITEM
357;CROSSBOW_AMMO1_ITEM
358;CROSSBOW_AMMO2_ITEM
359;CROSSBOW_AMMO3_ITEM
360;CROSSBOW_BOLT
361;GRENADE_GUN_ITEM
362;GRENADE_GUN_AMMO1_ITEM
363;GRENADE_GUN_AMMO2_ITEM
364;GRENADE_GUN_AMMO3_ITEM
365;GRENADE
366;SIXSHOOTER_ITEM
367;SIXSHOOTER_AMMO_ITEM
368;BIGMEDI_ITEM
369;SMALLMEDI_ITEM
370;LASERSIGHT_ITEM
371;BINOCULARS_ITEM
372;FLARE_ITEM
373;FLARE_INV_ITEM
374;DIARY_ITEM
375;COMPASS_ITEM
376;MEMCARD_LOAD_INV_ITEM
377;MEMCARD_SAVE_INV_ITEM
378;PC_LOAD_INV_ITEM
379;PC_SAVE_INV_ITEM
380;SMOKE_EMITTER_WHITE
381;SMOKE_EMITTER_BLACK
382;STEAM_EMITTER
383;EARTHQUAKE
384;BUBBLES
385;WATERFALLMIST
386;GUNSHELL
387;SHOTGUNSHELL
388;GUN_FLASH
389;BUTTERFLY
390;SPRINKLER
391;RED_LIGHT
392;GREEN_LIGHT
393;BLUE_LIGHT
394;AMBER_LIGHT
395;WHITE_LIGHT
396;BLINKING_LIGHT
397;LENS_FLARE
398;AI_GUARD
399;AI_AMBUSH
400;AI_PATROL1
401;AI_MODIFY
402;AI_FOLLOW
403;AI_PATROL2
404;AI_X1
405;AI_X2
406;LARA_START_POS
407;KILL_ALL_TRIGGERS
408;TRIGGER_TRIGGERER
409;SMASH_OBJECT1
410;SMASH_OBJECT2
411;SMASH_OBJECT3
412;SMASH_OBJECT4
413;SMASH_OBJECT5
414;SMASH_OBJECT6
415;SMASH_OBJECT7
416;SMASH_OBJECT8
417;MESHSWAP1
418;MESHSWAP2
419;MESHSWAP3
420;DEATH_SLIDE
421;BODY_PART
422;CAMERA_TARGET
423;WATERFALL1
424;WATERFALL2
425;WATERFALL3
426;PLANET_EFFECT
427;ANIMATING1
428;ANIMATING1_MIP
429;ANIMATING2
430;ANIMATING2_MIP
431;ANIMATING3
432;ANIMATING3_MIP
433;ANIMATING4
434;ANIMATING4_MIP
435;ANIMATING5
436;ANIMATING5_MIP
437;ANIMATING6
438;ANIMATING6_MIP
439;ANIMATING7
440;ANIMATING7_MIP
441;ANIMATING8
442;ANIMATING8_MIP
443;ANIMATING9
444;ANIMATING9_MIP
445;ANIMATING10
446;ANIMATING10_MIP
447;ANIMATING11
448;ANIMATING11_MIP
449;ANIMATING12
450;ANIMATING12_MIP
451;ANIMATING13
452;ANIMATING13_MIP
453;ANIMATING14
454;ANIMATING14_MIP
455;ANIMATING15
456;ANIMATING15_MIP
457;ANIMATING16
458;ANIMATING16_MIP
459;HORIZON
460;SKY_GRAPHICS
461;BINOCULAR_GRAPHICS
462;TARGET_GRAPHICS
463;DEFAULT_SPRITES
464;MISC_SPRITES
465;MOTOR_BOAT
466;MOTOR_BOAT_LARA
467;RUBBER_BOAT
468;RUBBER_BOAT_LARA
469;MOTORBIKE_LARA
470;FONT_GRAPHICS
471;PARALLEL_BARS
472;PANEL_BORDER
473;PANEL_MIDDLE
474;PANEL_CORNER
475;PANEL_DIAGONAL
476;PANEL_STRIP
477;PANEL_HALF_BORDER1
478;PANEL_HALF_BORDER2
479;PANEL_MIDDLE_CORNER
480;TIGHT_ROPE
481;LASER_HEAD
482;LASER_HEAD_BASE
483;LASER_HEAD_TENTACLE
484;HYDRA
485;HYDRA_MISSILE
486;ENEMY_SUB_MARINE
487;ENEMY_SUB_MARINE_MIP
488;SUB_MARINE_MISSILE
489;FROG_MAN
490;FROG_MAN_HARPOON
491;FISH_EMITTER
492;KAYAK
493;KAYAK_LARA
494;CUSTOM_SPRITES
495;BRIDGE_TILT3
496;BRIDGE_TILT4
497;BRIDGE_CUSTOM