0;PLANT0
1;PLANT1
2;PLANT2
3;PLANT3
4;PLANT4
5;PLANT5
6;PLANT6
7;PLANT7
8;PLANT8
9;PLANT9
10;FURNITURE0
11;FURNITURE1
12;FURNITURE2
13;FURNITURE3
14;FURNITURE4
15;FURNITURE5
16;FURNITURE6
17;FURNITURE7
18;FURNITURE8
19;FURNITURE9
20;ROCK0
21;ROCK1
22;ROCK2
23;ROCK3
24;ROCK4
25;ROCK5
26;ROCK6
27;ROCK7
28;ROCK8
29;ROCK9
30;ARCHITECTURE0
31;ARCHITECTURE1
32;ARCHITECTURE2
33;ARCHITECTURE3
34;ARCHITECTURE4
35;ARCHITECTURE5
36;ARCHITECTURE6
37;ARCHITECTURE7
38;ARCHITECTURE8
39;ARCHITECTURE9
40;DEBRIS0
41;DEBRIS1
42;DEBRIS2
43;DEBRIS3
44;DEBRIS4
45;DEBRIS5
46;DEBRIS6
47;DEBRIS7
48;DEBRIS8
49;DEBRIS9
50;SHATTER0
51;SHATTER1
52;SHATTER2
53;SHATTER3
54;SHATTER4
55;SHATTER5
56;SHATTER6
57;SHATTER7
58;SHATTER8
59;SHATTER9
60;EXTRA 0
61;EXTRA 1
62;EXTRA 2
63;EXTRA 3
64;EXTRA 4
65;EXTRA 5
66;EXTRA 6
67;EXTRA 7
68;EXTRA 8
69;EXTRA 9
70;EXTRA 10
71;EXTRA 11
72;EXTRA 12
73;EXTRA 13
74;EXTRA 14
75;EXTRA 15
76;EXTRA 16
77;EXTRA 17
78;EXTRA 18
79;EXTRA 19
80;EXTRA 20
81;EXTRA 21
82;EXTRA 22
83;EXTRA 23
84;EXTRA 24
85;EXTRA 25
86;EXTRA 26
87;EXTRA 27
88;EXTRA 28
89;EXTRA 29
90;EXTRA 30
91;EXTRA 31
92;EXTRA 32
93;EXTRA 33
94;EXTRA 34
95;EXTRA 35
96;EXTRA 36
97;EXTRA 37
98;EXTRA 38
99;EXTRA 39
100;EXTRA 40
101;EXTRA 41
102;EXTRA 42
103;EXTRA 43
104;EXTRA 44
105;EXTRA 45
106;EXTRA 46
107;EXTRA 47
108;EXTRA 48
109;EXTRA 49
110;EXTRA 50
111;EXTRA 51
112;EXTRA 52
113;EXTRA 53
114;EXTRA 54
115;EXTRA 55
116;EXTRA 56
117;EXTRA 57
118;EXTRA 58
119;EXTRA 59
120;EXTRA 60
121;EXTRA 61
122;EXTRA 62
123;EXTRA 63
124;EXTRA 64
125;EXTRA 65
126;EXTRA 66
127;EXTRA 67
128;EXTRA 68
129;EXTRA 69
130;EXTRA 70
131;EXTRA 71
132;EXTRA 72
133;EXTRA 73
134;EXTRA 74
135;EXTRA 75
136;EXTRA 76
137;EXTRA 77
138;EXTRA 78
139;EXTRA 79
140;EXTRA 80
141;EXTRA 81
142;EXTRA 82
143;EXTRA 83
144;EXTRA 84
145;EXTRA 85
146;EXTRA 86
147;EXTRA 87
148;EXTRA 88
149;EXTRA 89
150;EXTRA 90
151;EXTRA 91
152;EXTRA 92
153;EXTRA 93
154;EXTRA 94
155;EXTRA 95
156;EXTRA 96
157;EXTRA 97
158;EXTRA 98
159;EXTRA 99
160;EXTRA 100
161;EXTRA 101
162;EXTRA 102
163;EXTRA 103
164;EXTRA 104
165;EXTRA 105
166;EXTRA 106
167;EXTRA 107
168;EXTRA 108
169;EXTRA 109
170;EXTRA 110
171;EXTRA 111
172;EXTRA 112
173;EXTRA 113
174;EXTRA 114
175;EXTRA 115
176;EXTRA 116
177;EXTRA 117
178;EXTRA 118
179;EXTRA 119
180;EXTRA 120
181;EXTRA 121
182;EXTRA 122
183;EXTRA 123
184;EXTRA 124
185;EXTRA 125
186;EXTRA 126
187;EXTRA 127
188;EXTRA 128
189;EXTRA 129
190;EXTRA 130
191;EXTRA 131
192;EXTRA 132
193;EXTRA 133
194;EXTRA 134
195;EXTRA 135
196;EXTRA 136
197;EXTRA 137
198;EXTRA 138
199;EXTRA 139
200;EXTRA 140
201;EXTRA 141
202;EXTRA 142
203;EXTRA 143
204;EXTRA 144
205;EXTRA 145
206;EXTRA 146
207;EXTRA 147
208;EXTRA 148
209;EXTRA 149
210;EXTRA 150
211;EXTRA 151
212;EXTRA 152
213;EXTRA 153
214;EXTRA 154
215;EXTRA 155
216;EXTRA 156
217;EXTRA 157
218;EXTRA 158
219;EXTRA 159
220;EXTRA 160
221;EXTRA 161
222;EXTRA 162
223;EXTRA 163
224;EXTRA 164
225;EXTRA 165
226;EXTRA 166
227;EXTRA 167
228;EXTRA 168
229;EXTRA 169
230;EXTRA 170
231;EXTRA 171
232;EXTRA 172
233;EXTRA 173
234;EXTRA 174
235;EXTRA 175
236;EXTRA 176
237;EXTRA 177
238;EXTRA 178
